<?xml version="1.0" encoding="UTF-8"?>
<!-- Generated by org.testng.reporters.JUnitReportReporter -->
<testsuite hostname="USER-20170417KQ" name="com.course.cases.GetUserInfoListTest" tests="1" failures="0" timestamp="23 May 2019 07:49:46 GMT" time="0.109" errors="0">
  <testcase name="getUserListInfo" time="0.109" classname="com.course.cases.GetUserInfoListTest"/>
</testsuite> <!-- com.course.cases.GetUserInfoListTest -->
