<?xml version="1.0" encoding="UTF-8"?>
<!-- Generated by org.testng.reporters.JUnitReportReporter -->
<testsuite hostname="USER-20170417KQ" name="com.course.cases.GetUserInfoTest" tests="1" failures="0" timestamp="23 May 2019 07:49:46 GMT" time="0.059" errors="0">
  <testcase name="getUserInfo" time="0.059" classname="com.course.cases.GetUserInfoTest"/>
</testsuite> <!-- com.course.cases.GetUserInfoTest -->
