<?xml version="1.0" encoding="UTF-8"?>
<!-- Generated by org.testng.reporters.JUnitReportReporter -->
<testsuite hostname="USER-20170417KQ" name="com.course.cases.UpdateUserInfoTest" tests="2" failures="0" timestamp="23 May 2019 07:49:46 GMT" time="7.223" errors="0">
  <testcase name="deleteUser" time="4.140" classname="com.course.cases.UpdateUserInfoTest"/>
  <testcase name="updateUserInfo" time="3.083" classname="com.course.cases.UpdateUserInfoTest"/>
</testsuite> <!-- com.course.cases.UpdateUserInfoTest -->
