<?xml version="1.0" encoding="UTF-8"?>
<!-- Generated by org.testng.reporters.JUnitReportReporter -->
<testsuite hostname="USER-20170417KQ" name="com.course.cases.LoginTest" tests="2" failures="0" timestamp="23 May 2019 07:49:46 GMT" time="1.115" errors="0">
  <testcase name="loginFalse" time="0.063" classname="com.course.cases.LoginTest"/>
  <testcase name="loginTrue" time="1.052" classname="com.course.cases.LoginTest"/>
</testsuite> <!-- com.course.cases.LoginTest -->
